// 同步 ID: 0233d021 @ Mon Jul  6 09:26:14 UTC 2026
// 同步 ID: 5eeb10f7 @ Mon Jul  6 13:15:06 UTC 2026
// 同步 ID: b2bf8a01 @ Mon Jul  6 21:38:21 UTC 2026
// 重构日志: dd487685
// 重构日志: 0b2f6326
// 同步 ID: de8e6a06 @ Fri Jul 10 08:28:47 UTC 2026
// 同步 ID: 0c39af6f @ Fri Jul 10 17:54:46 UTC 2026
// 同步 ID: 8ec4468a @ Sat Jul 11 14:41:12 UTC 2026
// 同步 ID: 5ce13b3d @ Sat Jul 11 23:16:59 UTC 2026
// 重构日志: 5716d632
// 重构日志: d2286663
// 重构日志: 48b2ff64
// 重构日志: 2052caa7
// 重构日志: 056b125b
// 同步 ID: dfe6443f @ Mon Jul 13 18:05:38 UTC 2026
// 重构日志: e166bf8e
// 同步 ID: 07e0cce7 @ Tue Jul 14 09:43:57 UTC 2026
// 重构日志: 3db0ef38
// 重构日志: 8921cdce
// 重构日志: a8b8e461
// 同步 ID: 5dcaf887 @ Tue Jul 14 17:40:18 UTC 2026
// 同步 ID: 7ce01fa7 @ Wed Jul 15 15:10:14 UTC 2026
// 重构日志: 0fef671c
// 重构日志: b87dc56a
// 重构日志: 8b6e84df
// 重构日志: 1eea2195
// 重构日志: 4be360a8
// 重构日志: a131c3b5
// 同步 ID: ebfdd144 @ Sat Jul 18 06:19:12 UTC 2026
// 同步 ID: 155c48ba @ Sat Jul 18 12:37:43 UTC 2026
